<?xml version="1.0" encoding="UTF-8"?>
<!-- Generated by org.testng.reporters.JUnitReportReporter -->
<testsuite skipped="1" hostname="ajitbiswas-laptop" name="qspiders.DemoA1" tests="3" failures="0" timestamp="12 Dec 2017 15:17:05 GMT" time="0.012" errors="0">
  <testcase name="createUser" time="0.010" classname="qspiders.DemoA1"/>
  <testcase name="deleteUser" time="0.002" classname="qspiders.DemoA1"/>
  <testcase name="editUser" classname="qspiders.DemoA1">
    <skipped/>
  </testcase> <!-- editUser -->
</testsuite> <!-- qspiders.DemoA1 -->
