<?xml version="1.0" encoding="UTF-8"?>
<!-- Generated by org.testng.reporters.JUnitReportReporter -->
<testsuite skipped="0" hostname="ajitbiswas-laptop" name="tesntnapckage.DemoB" tests="1" failures="0" timestamp="10 Jan 2018 02:22:05 GMT" time="0.012" errors="0">
  <testcase name="testB" time="0.012" classname="tesntnapckage.DemoB"/>
</testsuite> <!-- tesntnapckage.DemoB -->
