<?xml version="1.0" encoding="UTF-8"?>
<!-- Generated by org.testng.reporters.JUnitReportReporter -->
<testsuite skipped="0" hostname="ajitbiswas-laptop" name="testngpackage.TestB" tests="1" failures="0" timestamp="13 Dec 2017 15:27:47 GMT" time="0.002" errors="0">
  <testcase name="testB" time="0.002" classname="testngpackage.TestB"/>
</testsuite> <!-- testngpackage.TestB -->
