<?xml version="1.0" encoding="UTF-8"?>
<!-- Generated by org.testng.reporters.JUnitReportReporter -->
<testsuite skipped="0" hostname="ajitbiswas-laptop" name="testngpackage.DataParameterisationFromConfigPropertiesFile" tests="1" failures="0" timestamp="22 Dec 2017 14:14:16 GMT" time="0.012" errors="0">
  <testcase name="takeDataFromPropertyFile" time="0.012" classname="testngpackage.DataParameterisationFromConfigPropertiesFile"/>
</testsuite> <!-- testngpackage.DataParameterisationFromConfigPropertiesFile -->
