<?xml version="1.0" encoding="UTF-8"?>
<!-- Generated by org.testng.reporters.JUnitReportReporter -->
<testsuite skipped="0" hostname="ajitbiswas-laptop" name="tesntnapckage.DemoA" tests="1" failures="0" timestamp="10 Jan 2018 02:21:36 GMT" time="0.011" errors="0">
  <testcase name="testA" time="0.011" classname="tesntnapckage.DemoA"/>
</testsuite> <!-- tesntnapckage.DemoA -->
