<?xml version="1.0" encoding="UTF-8"?>
<!-- Generated by org.testng.reporters.JUnitReportReporter -->
<testsuite skipped="0" hostname="ajitbiswas-laptop" name="qspiders.WaitExample" tests="1" failures="0" timestamp="22 Dec 2017 15:46:29 GMT" time="8.370" errors="0">
  <testcase name="waitTest" time="8.370" classname="qspiders.WaitExample"/>
</testsuite> <!-- qspiders.WaitExample -->
