<?xml version="1.0" encoding="UTF-8"?>
<!-- Generated by org.testng.reporters.JUnitReportReporter -->
<testsuite skipped="0" hostname="ajitbiswas-laptop" name="testngpackage.TestinChromeAndFirefoxPARALLEL" tests="2" failures="0" timestamp="15 Dec 2017 14:54:29 GMT" time="65.070" errors="0">
  <testcase name="testChromeAndFirefox" time="29.530" classname="testngpackage.TestinChromeAndFirefoxPARALLEL"/>
  <testcase name="testChromeAndFirefox" time="35.540" classname="testngpackage.TestinChromeAndFirefoxPARALLEL"/>
</testsuite> <!-- testngpackage.TestinChromeAndFirefoxPARALLEL -->
