<?xml version="1.0" encoding="UTF-8"?>
<!-- Generated by org.testng.reporters.JUnitReportReporter -->
<testsuite skipped="0" hostname="ajitbiswas-laptop" name="qspiders.AllAnnotations" tests="1" failures="0" timestamp="12 Dec 2017 15:32:10 GMT" time="0.011" errors="0">
  <testcase name="f" time="0.011" classname="qspiders.AllAnnotations"/>
</testsuite> <!-- qspiders.AllAnnotations -->
