<?xml version="1.0" encoding="UTF-8"?>
<!-- Generated by org.testng.reporters.JUnitReportReporter -->
<testsuite skipped="0" hostname="ajitbiswas-laptop" name="testngpackage.DataParameterisationUsingExcelFile" tests="1" failures="0" timestamp="21 Dec 2017 15:35:02 GMT" time="0.695" errors="0">
  <testcase name="takeDataFromExcel" time="0.695" classname="testngpackage.DataParameterisationUsingExcelFile"/>
</testsuite> <!-- testngpackage.DataParameterisationUsingExcelFile -->
