<?xml version="1.0" encoding="UTF-8"?>
<!-- Generated by org.testng.reporters.JUnitReportReporter -->
<testsuite skipped="0" hostname="ajitbiswas-laptop" name="testngpackage.TestngGroupDemo" tests="5" failures="0" timestamp="14 Dec 2017 15:04:48 GMT" time="0.017" errors="0">
  <testcase name="deleteProduct" time="0.002" classname="testngpackage.TestngGroupDemo"/>
  <testcase name="editProduct" time="0.002" classname="testngpackage.TestngGroupDemo"/>
  <testcase name="deleteUser" time="0.002" classname="testngpackage.TestngGroupDemo"/>
  <testcase name="editUser" time="0.001" classname="testngpackage.TestngGroupDemo"/>
  <testcase name="createUser" time="0.010" classname="testngpackage.TestngGroupDemo"/>
</testsuite> <!-- testngpackage.TestngGroupDemo -->
