<?xml version="1.0" encoding="UTF-8"?>
<!-- Generated by org.testng.reporters.JUnitReportReporter -->
<testsuite skipped="0" hostname="ajitbiswas-laptop" name="tesntnapckage.TestngTestAnnotationParameters" tests="2" failures="0" timestamp="10 Jan 2018 02:26:01 GMT" time="0.016" errors="0">
  <testcase name="createuser" time="0.013" classname="tesntnapckage.TestngTestAnnotationParameters"/>
  <testcase name="deleteuser" time="0.003" classname="tesntnapckage.TestngTestAnnotationParameters"/>
</testsuite> <!-- tesntnapckage.TestngTestAnnotationParameters -->
