<?xml version="1.0" encoding="UTF-8"?>
<!-- Generated by org.testng.reporters.JUnitReportReporter -->
<testsuite skipped="0" hostname="ajitbiswas-laptop" name="testngpackage.TestSeleniumGrid" tests="2" failures="0" timestamp="28 Dec 2017 14:27:35 GMT" time="85.071" errors="0">
  <testcase name="testSeleniumGrid" time="38.556" classname="testngpackage.TestSeleniumGrid"/>
  <testcase name="testSeleniumGrid" time="46.515" classname="testngpackage.TestSeleniumGrid"/>
</testsuite> <!-- testngpackage.TestSeleniumGrid -->
