<?xml version="1.0" encoding="UTF-8"?>
<!-- Generated by org.testng.reporters.JUnitReportReporter -->
<testsuite skipped="0" hostname="ajitbiswas-laptop" name="qspiders.TestA" tests="2" failures="0" timestamp="12 Dec 2017 15:38:36 GMT" time="0.010" errors="0">
  <testcase name="testA" time="0.009" classname="qspiders.TestA"/>
  <testcase name="testB" time="0.001" classname="qspiders.TestA"/>
</testsuite> <!-- qspiders.TestA -->
