<?xml version="1.0" encoding="UTF-8"?>
<!-- Generated by org.testng.reporters.JUnitReportReporter -->
<testsuite skipped="0" hostname="ajitbiswas-laptop" name="testngpackage.TestParameterfromTestngSuite" tests="1" failures="0" timestamp="14 Dec 2017 15:36:29 GMT" time="0.010" errors="0">
  <testcase name="testParameter" time="0.010" classname="testngpackage.TestParameterfromTestngSuite"/>
</testsuite> <!-- testngpackage.TestParameterfromTestngSuite -->
