<?xml version="1.0" encoding="UTF-8"?>
<!-- Generated by org.testng.reporters.JUnitReportReporter -->
<testsuite skipped="0" hostname="ajitbiswas-laptop" name="testngpackage.TestA" tests="1" failures="0" timestamp="13 Dec 2017 15:27:47 GMT" time="0.009" errors="0">
  <testcase name="testA" time="0.009" classname="testngpackage.TestA"/>
</testsuite> <!-- testngpackage.TestA -->
